<?xml version="1.0" encoding="UTF-8"?>
<!-- Generated by org.testng.reporters.JUnitReportReporter -->
<testsuite hostname="GiriJay" failures="0" tests="2" name="Runner.TestRunner" time="50.219" errors="0" timestamp="2024-02-14T17:12:50 EST" skipped="0">
  <testcase classname="Runner.TestRunner" name="runScenario" time="35.422"/>
  <testcase classname="Runner.TestRunner" name="runScenario" time="14.797"/>
</testsuite> <!-- Runner.TestRunner -->
